<?xml version="1.0" encoding="UTF-8"?>
<testsuite xmlns:xsi="http://www.w3.org/2001/XMLSchema-instance" xsi:noNamespaceSchemaLocation="https://maven.apache.org/surefire/maven-surefire-plugin/xsd/surefire-test-report.xsd" name="TestSuite" time="74.257" tests="14" errors="0" skipped="0" failures="0">
  <properties>
    <property name="java.specification.version" value="15"/>
    <property name="sun.jnu.encoding" value="UTF-8"/>
    <property name="java.class.path" value="/home/shadow_sword/Study Drive/Programming/Eclipse_Workspace/Insuranceplan_windows/target/test-classes:/home/shadow_sword/Study Drive/Programming/Eclipse_Workspace/Insuranceplan_windows/target/classes:/home/shadow_sword/.m2/repository/org/junit/jupiter/junit-jupiter-engine/5.7.1/junit-jupiter-engine-5.7.1.jar:/home/shadow_sword/.m2/repository/org/apiguardian/apiguardian-api/1.1.0/apiguardian-api-1.1.0.jar:/home/shadow_sword/.m2/repository/org/junit/platform/junit-platform-engine/1.7.1/junit-platform-engine-1.7.1.jar:/home/shadow_sword/.m2/repository/org/opentest4j/opentest4j/1.2.0/opentest4j-1.2.0.jar:/home/shadow_sword/.m2/repository/org/junit/platform/junit-platform-commons/1.7.1/junit-platform-commons-1.7.1.jar:/home/shadow_sword/.m2/repository/org/junit/jupiter/junit-jupiter-api/5.7.1/junit-jupiter-api-5.7.1.jar:/home/shadow_sword/.m2/repository/org/junit/jupiter/junit-jupiter-params/5.7.1/junit-jupiter-params-5.7.1.jar:/home/shadow_sword/.m2/repository/org/apache/poi/poi/4.1.2/poi-4.1.2.jar:/home/shadow_sword/.m2/repository/commons-codec/commons-codec/1.13/commons-codec-1.13.jar:/home/shadow_sword/.m2/repository/org/apache/commons/commons-collections4/4.4/commons-collections4-4.4.jar:/home/shadow_sword/.m2/repository/org/apache/commons/commons-math3/3.6.1/commons-math3-3.6.1.jar:/home/shadow_sword/.m2/repository/com/zaxxer/SparseBitSet/1.2/SparseBitSet-1.2.jar:/home/shadow_sword/.m2/repository/org/apache/poi/poi-ooxml/4.1.2/poi-ooxml-4.1.2.jar:/home/shadow_sword/.m2/repository/org/apache/poi/poi-ooxml-schemas/4.1.2/poi-ooxml-schemas-4.1.2.jar:/home/shadow_sword/.m2/repository/org/apache/xmlbeans/xmlbeans/3.1.0/xmlbeans-3.1.0.jar:/home/shadow_sword/.m2/repository/org/apache/commons/commons-compress/1.19/commons-compress-1.19.jar:/home/shadow_sword/.m2/repository/com/github/virtuald/curvesapi/1.06/curvesapi-1.06.jar:/home/shadow_sword/.m2/repository/commons-io/commons-io/2.6/commons-io-2.6.jar:/home/shadow_sword/.m2/repository/com/relevantcodes/extentreports/2.41.2/extentreports-2.41.2.jar:/home/shadow_sword/.m2/repository/org/jsoup/jsoup/1.8.3/jsoup-1.8.3.jar:/home/shadow_sword/.m2/repository/org/xerial/sqlite-jdbc/3.8.11.1/sqlite-jdbc-3.8.11.1.jar:/home/shadow_sword/.m2/repository/org/freemarker/freemarker/2.3.23/freemarker-2.3.23.jar:/home/shadow_sword/.m2/repository/org/mongodb/mongodb-driver/3.0.4/mongodb-driver-3.0.4.jar:/home/shadow_sword/.m2/repository/org/mongodb/bson/3.0.4/bson-3.0.4.jar:/home/shadow_sword/.m2/repository/org/mongodb/mongodb-driver-core/3.0.4/mongodb-driver-core-3.0.4.jar:/home/shadow_sword/.m2/repository/org/testng/testng/7.4.0/testng-7.4.0.jar:/home/shadow_sword/.m2/repository/com/beust/jcommander/1.78/jcommander-1.78.jar:/home/shadow_sword/.m2/repository/org/webjars/jquery/3.5.1/jquery-3.5.1.jar:/home/shadow_sword/.m2/repository/junit/junit/4.11/junit-4.11.jar:/home/shadow_sword/.m2/repository/org/hamcrest/hamcrest-core/1.3/hamcrest-core-1.3.jar:/home/shadow_sword/.m2/repository/com/aventstack/extentreports/3.1.5/extentreports-3.1.5.jar:/home/shadow_sword/.m2/repository/org/apache/httpcomponents/httpclient/4.5.2/httpclient-4.5.2.jar:/home/shadow_sword/.m2/repository/org/apache/httpcomponents/httpcore/4.4.4/httpcore-4.4.4.jar:/home/shadow_sword/.m2/repository/commons-logging/commons-logging/1.2/commons-logging-1.2.jar:/home/shadow_sword/.m2/repository/org/apache/httpcomponents/httpmime/4.5.2/httpmime-4.5.2.jar:/home/shadow_sword/.m2/repository/com/google/code/gson/gson/2.8.0/gson-2.8.0.jar:/home/shadow_sword/.m2/repository/org/apache/logging/log4j/log4j-1.2-api/2.7/log4j-1.2-api-2.7.jar:/home/shadow_sword/.m2/repository/org/apache/logging/log4j/log4j-api/2.7/log4j-api-2.7.jar:/home/shadow_sword/.m2/repository/org/apache/logging/log4j/log4j-core/2.7/log4j-core-2.7.jar:/home/shadow_sword/.m2/repository/log4j/log4j/1.2.17/log4j-1.2.17.jar:/home/shadow_sword/.m2/repository/org/seleniumhq/selenium/selenium-java/3.141.59/selenium-java-3.141.59.jar:/home/shadow_sword/.m2/repository/org/seleniumhq/selenium/selenium-api/3.141.59/selenium-api-3.141.59.jar:/home/shadow_sword/.m2/repository/org/seleniumhq/selenium/selenium-chrome-driver/3.141.59/selenium-chrome-driver-3.141.59.jar:/home/shadow_sword/.m2/repository/org/seleniumhq/selenium/selenium-edge-driver/3.141.59/selenium-edge-driver-3.141.59.jar:/home/shadow_sword/.m2/repository/org/seleniumhq/selenium/selenium-firefox-driver/3.141.59/selenium-firefox-driver-3.141.59.jar:/home/shadow_sword/.m2/repository/org/seleniumhq/selenium/selenium-ie-driver/3.141.59/selenium-ie-driver-3.141.59.jar:/home/shadow_sword/.m2/repository/org/seleniumhq/selenium/selenium-opera-driver/3.141.59/selenium-opera-driver-3.141.59.jar:/home/shadow_sword/.m2/repository/org/seleniumhq/selenium/selenium-remote-driver/3.141.59/selenium-remote-driver-3.141.59.jar:/home/shadow_sword/.m2/repository/org/seleniumhq/selenium/selenium-safari-driver/3.141.59/selenium-safari-driver-3.141.59.jar:/home/shadow_sword/.m2/repository/org/seleniumhq/selenium/selenium-support/3.141.59/selenium-support-3.141.59.jar:/home/shadow_sword/.m2/repository/net/bytebuddy/byte-buddy/1.8.15/byte-buddy-1.8.15.jar:/home/shadow_sword/.m2/repository/org/apache/commons/commons-exec/1.3/commons-exec-1.3.jar:/home/shadow_sword/.m2/repository/com/google/guava/guava/25.0-jre/guava-25.0-jre.jar:/home/shadow_sword/.m2/repository/com/google/code/findbugs/jsr305/1.3.9/jsr305-1.3.9.jar:/home/shadow_sword/.m2/repository/org/checkerframework/checker-compat-qual/2.0.0/checker-compat-qual-2.0.0.jar:/home/shadow_sword/.m2/repository/com/google/errorprone/error_prone_annotations/2.1.3/error_prone_annotations-2.1.3.jar:/home/shadow_sword/.m2/repository/com/google/j2objc/j2objc-annotations/1.1/j2objc-annotations-1.1.jar:/home/shadow_sword/.m2/repository/org/codehaus/mojo/animal-sniffer-annotations/1.14/animal-sniffer-annotations-1.14.jar:/home/shadow_sword/.m2/repository/com/squareup/okhttp3/okhttp/3.11.0/okhttp-3.11.0.jar:/home/shadow_sword/.m2/repository/com/squareup/okio/okio/1.14.0/okio-1.14.0.jar:"/>
    <property name="java.vm.vendor" value="Oracle Corporation"/>
    <property name="sun.arch.data.model" value="64"/>
    <property name="java.vendor.url" value="https://java.oracle.com/"/>
    <property name="os.name" value="Linux"/>
    <property name="java.vm.specification.version" value="15"/>
    <property name="sun.java.launcher" value="SUN_STANDARD"/>
    <property name="user.country" value="IN"/>
    <property name="sun.boot.library.path" value="/home/shadow_sword/.p2/pool/plugins/org.eclipse.justj.openjdk.hotspot.jre.full.linux.x86_64_15.0.2.v20210201-0955/jre/lib"/>
    <property name="sun.java.command" value="/home/shadow_sword/Study Drive/Programming/Eclipse_Workspace/Insuranceplan_windows/target/surefire/surefirebooter15644177146976522611.jar /home/shadow_sword/Study Drive/Programming/Eclipse_Workspace/Insuranceplan_windows/target/surefire 2021-07-02T15-13-34_429-jvmRun1 surefire1910293902475409166tmp surefire_04831979783547949733tmp"/>
    <property name="jdk.debug" value="release"/>
    <property name="surefire.test.class.path" value="/home/shadow_sword/Study Drive/Programming/Eclipse_Workspace/Insuranceplan_windows/target/test-classes:/home/shadow_sword/Study Drive/Programming/Eclipse_Workspace/Insuranceplan_windows/target/classes:/home/shadow_sword/.m2/repository/org/junit/jupiter/junit-jupiter-engine/5.7.1/junit-jupiter-engine-5.7.1.jar:/home/shadow_sword/.m2/repository/org/apiguardian/apiguardian-api/1.1.0/apiguardian-api-1.1.0.jar:/home/shadow_sword/.m2/repository/org/junit/platform/junit-platform-engine/1.7.1/junit-platform-engine-1.7.1.jar:/home/shadow_sword/.m2/repository/org/opentest4j/opentest4j/1.2.0/opentest4j-1.2.0.jar:/home/shadow_sword/.m2/repository/org/junit/platform/junit-platform-commons/1.7.1/junit-platform-commons-1.7.1.jar:/home/shadow_sword/.m2/repository/org/junit/jupiter/junit-jupiter-api/5.7.1/junit-jupiter-api-5.7.1.jar:/home/shadow_sword/.m2/repository/org/junit/jupiter/junit-jupiter-params/5.7.1/junit-jupiter-params-5.7.1.jar:/home/shadow_sword/.m2/repository/org/apache/poi/poi/4.1.2/poi-4.1.2.jar:/home/shadow_sword/.m2/repository/commons-codec/commons-codec/1.13/commons-codec-1.13.jar:/home/shadow_sword/.m2/repository/org/apache/commons/commons-collections4/4.4/commons-collections4-4.4.jar:/home/shadow_sword/.m2/repository/org/apache/commons/commons-math3/3.6.1/commons-math3-3.6.1.jar:/home/shadow_sword/.m2/repository/com/zaxxer/SparseBitSet/1.2/SparseBitSet-1.2.jar:/home/shadow_sword/.m2/repository/org/apache/poi/poi-ooxml/4.1.2/poi-ooxml-4.1.2.jar:/home/shadow_sword/.m2/repository/org/apache/poi/poi-ooxml-schemas/4.1.2/poi-ooxml-schemas-4.1.2.jar:/home/shadow_sword/.m2/repository/org/apache/xmlbeans/xmlbeans/3.1.0/xmlbeans-3.1.0.jar:/home/shadow_sword/.m2/repository/org/apache/commons/commons-compress/1.19/commons-compress-1.19.jar:/home/shadow_sword/.m2/repository/com/github/virtuald/curvesapi/1.06/curvesapi-1.06.jar:/home/shadow_sword/.m2/repository/commons-io/commons-io/2.6/commons-io-2.6.jar:/home/shadow_sword/.m2/repository/com/relevantcodes/extentreports/2.41.2/extentreports-2.41.2.jar:/home/shadow_sword/.m2/repository/org/jsoup/jsoup/1.8.3/jsoup-1.8.3.jar:/home/shadow_sword/.m2/repository/org/xerial/sqlite-jdbc/3.8.11.1/sqlite-jdbc-3.8.11.1.jar:/home/shadow_sword/.m2/repository/org/freemarker/freemarker/2.3.23/freemarker-2.3.23.jar:/home/shadow_sword/.m2/repository/org/mongodb/mongodb-driver/3.0.4/mongodb-driver-3.0.4.jar:/home/shadow_sword/.m2/repository/org/mongodb/bson/3.0.4/bson-3.0.4.jar:/home/shadow_sword/.m2/repository/org/mongodb/mongodb-driver-core/3.0.4/mongodb-driver-core-3.0.4.jar:/home/shadow_sword/.m2/repository/org/testng/testng/7.4.0/testng-7.4.0.jar:/home/shadow_sword/.m2/repository/com/beust/jcommander/1.78/jcommander-1.78.jar:/home/shadow_sword/.m2/repository/org/webjars/jquery/3.5.1/jquery-3.5.1.jar:/home/shadow_sword/.m2/repository/junit/junit/4.11/junit-4.11.jar:/home/shadow_sword/.m2/repository/org/hamcrest/hamcrest-core/1.3/hamcrest-core-1.3.jar:/home/shadow_sword/.m2/repository/com/aventstack/extentreports/3.1.5/extentreports-3.1.5.jar:/home/shadow_sword/.m2/repository/org/apache/httpcomponents/httpclient/4.5.2/httpclient-4.5.2.jar:/home/shadow_sword/.m2/repository/org/apache/httpcomponents/httpcore/4.4.4/httpcore-4.4.4.jar:/home/shadow_sword/.m2/repository/commons-logging/commons-logging/1.2/commons-logging-1.2.jar:/home/shadow_sword/.m2/repository/org/apache/httpcomponents/httpmime/4.5.2/httpmime-4.5.2.jar:/home/shadow_sword/.m2/repository/com/google/code/gson/gson/2.8.0/gson-2.8.0.jar:/home/shadow_sword/.m2/repository/org/apache/logging/log4j/log4j-1.2-api/2.7/log4j-1.2-api-2.7.jar:/home/shadow_sword/.m2/repository/org/apache/logging/log4j/log4j-api/2.7/log4j-api-2.7.jar:/home/shadow_sword/.m2/repository/org/apache/logging/log4j/log4j-core/2.7/log4j-core-2.7.jar:/home/shadow_sword/.m2/repository/log4j/log4j/1.2.17/log4j-1.2.17.jar:/home/shadow_sword/.m2/repository/org/seleniumhq/selenium/selenium-java/3.141.59/selenium-java-3.141.59.jar:/home/shadow_sword/.m2/repository/org/seleniumhq/selenium/selenium-api/3.141.59/selenium-api-3.141.59.jar:/home/shadow_sword/.m2/repository/org/seleniumhq/selenium/selenium-chrome-driver/3.141.59/selenium-chrome-driver-3.141.59.jar:/home/shadow_sword/.m2/repository/org/seleniumhq/selenium/selenium-edge-driver/3.141.59/selenium-edge-driver-3.141.59.jar:/home/shadow_sword/.m2/repository/org/seleniumhq/selenium/selenium-firefox-driver/3.141.59/selenium-firefox-driver-3.141.59.jar:/home/shadow_sword/.m2/repository/org/seleniumhq/selenium/selenium-ie-driver/3.141.59/selenium-ie-driver-3.141.59.jar:/home/shadow_sword/.m2/repository/org/seleniumhq/selenium/selenium-opera-driver/3.141.59/selenium-opera-driver-3.141.59.jar:/home/shadow_sword/.m2/repository/org/seleniumhq/selenium/selenium-remote-driver/3.141.59/selenium-remote-driver-3.141.59.jar:/home/shadow_sword/.m2/repository/org/seleniumhq/selenium/selenium-safari-driver/3.141.59/selenium-safari-driver-3.141.59.jar:/home/shadow_sword/.m2/repository/org/seleniumhq/selenium/selenium-support/3.141.59/selenium-support-3.141.59.jar:/home/shadow_sword/.m2/repository/net/bytebuddy/byte-buddy/1.8.15/byte-buddy-1.8.15.jar:/home/shadow_sword/.m2/repository/org/apache/commons/commons-exec/1.3/commons-exec-1.3.jar:/home/shadow_sword/.m2/repository/com/google/guava/guava/25.0-jre/guava-25.0-jre.jar:/home/shadow_sword/.m2/repository/com/google/code/findbugs/jsr305/1.3.9/jsr305-1.3.9.jar:/home/shadow_sword/.m2/repository/org/checkerframework/checker-compat-qual/2.0.0/checker-compat-qual-2.0.0.jar:/home/shadow_sword/.m2/repository/com/google/errorprone/error_prone_annotations/2.1.3/error_prone_annotations-2.1.3.jar:/home/shadow_sword/.m2/repository/com/google/j2objc/j2objc-annotations/1.1/j2objc-annotations-1.1.jar:/home/shadow_sword/.m2/repository/org/codehaus/mojo/animal-sniffer-annotations/1.14/animal-sniffer-annotations-1.14.jar:/home/shadow_sword/.m2/repository/com/squareup/okhttp3/okhttp/3.11.0/okhttp-3.11.0.jar:/home/shadow_sword/.m2/repository/com/squareup/okio/okio/1.14.0/okio-1.14.0.jar:"/>
    <property name="sun.cpu.endian" value="little"/>
    <property name="user.home" value="/home/shadow_sword"/>
    <property name="user.language" value="en"/>
    <property name="java.specification.vendor" value="Oracle Corporation"/>
    <property name="java.version.date" value="2021-01-19"/>
    <property name="java.home" value="/home/shadow_sword/.p2/pool/plugins/org.eclipse.justj.openjdk.hotspot.jre.full.linux.x86_64_15.0.2.v20210201-0955/jre"/>
    <property name="file.separator" value="/"/>
    <property name="basedir" value="/home/shadow_sword/Study Drive/Programming/Eclipse_Workspace/Insuranceplan_windows"/>
    <property name="java.vm.compressedOopsMode" value="32-bit"/>
    <property name="line.separator" value="&#10;"/>
    <property name="java.vm.specification.vendor" value="Oracle Corporation"/>
    <property name="java.specification.name" value="Java Platform API Specification"/>
    <property name="surefire.real.class.path" value="/home/shadow_sword/Study Drive/Programming/Eclipse_Workspace/Insuranceplan_windows/target/surefire/surefirebooter15644177146976522611.jar"/>
    <property name="sun.management.compiler" value="HotSpot 64-Bit Tiered Compilers"/>
    <property name="java.runtime.version" value="15.0.2+7-27"/>
    <property name="user.name" value="shadow_sword"/>
    <property name="path.separator" value=":"/>
    <property name="os.version" value="5.8.0-59-generic"/>
    <property name="java.runtime.name" value="OpenJDK Runtime Environment"/>
    <property name="file.encoding" value="UTF-8"/>
    <property name="java.vm.name" value="OpenJDK 64-Bit Server VM"/>
    <property name="localRepository" value="/home/shadow_sword/.m2/repository"/>
    <property name="java.vendor.url.bug" value="https://bugreport.java.com/bugreport/"/>
    <property name="java.io.tmpdir" value="/tmp"/>
    <property name="java.version" value="15.0.2"/>
    <property name="user.dir" value="/home/shadow_sword/Study Drive/Programming/Eclipse_Workspace/Insuranceplan_windows"/>
    <property name="os.arch" value="amd64"/>
    <property name="java.vm.specification.name" value="Java Virtual Machine Specification"/>
    <property name="java.library.path" value="/usr/java/packages/lib:/usr/lib64:/lib64:/lib:/usr/lib"/>
    <property name="java.vm.info" value="mixed mode"/>
    <property name="java.vendor" value="Oracle Corporation"/>
    <property name="java.vm.version" value="15.0.2+7-27"/>
    <property name="sun.io.unicode.encoding" value="UnicodeLittle"/>
    <property name="java.class.version" value="59.0"/>
  </properties>
  <testcase name="clickCarInsuranceTest" classname="testcases.CarInsuranceErrorMessageTest" time="1.005"/>
  <testcase name="clickProceedButtonTest" classname="testcases.CarInsuranceErrorMessageTest" time="2.205"/>
  <testcase name="selectCityTest" classname="testcases.CarInsuranceErrorMessageTest" time="1.296"/>
  <testcase name="selectCarBrandTest" classname="testcases.CarInsuranceErrorMessageTest" time="0.406"/>
  <testcase name="selectCarModelTest" classname="testcases.CarInsuranceErrorMessageTest" time="0.256"/>
  <testcase name="chooseFuelTypeTest" classname="testcases.CarInsuranceErrorMessageTest" time="0.379"/>
  <testcase name="selectCarVariantTest" classname="testcases.CarInsuranceErrorMessageTest" time="0.216"/>
  <testcase name="selectYearTest" classname="testcases.CarInsuranceErrorMessageTest" time="0.23"/>
  <testcase name="fillDetailsTest" classname="testcases.CarInsuranceErrorMessageTest" time="0.662"/>
  <testcase name="takeScreenshotTest" classname="testcases.CarInsuranceErrorMessageTest" time="1.843"/>
  <testcase name="nullvalue" classname="testcases.CarInsuranceErrorMessageTest" time="5.545"/>
  <testcase name="listValuesTest" classname="testcases.HealthInsuranceMenuItemsTest" time="1.391"/>
  <testcase name="homePageTitle" classname="testcases.TravelInsuranceDetailsTest" time="2.344"/>
  <testcase name="getStudentTravelInsurance" classname="testcases.TravelInsuranceDetailsTest" time="14.679"/>
</testsuite>