<?xml version="1.0" encoding="UTF-8"?>
<!-- Generated by org.testng.reporters.JUnitReportReporter -->
<testsuite hostname="Shadow" failures="0" tests="11" name="testcases.CarInsuranceErrorMessageTest" time="22.429" errors="0" timestamp="2021-06-29T16:44:51 IST" skipped="0">
  <testcase classname="testcases.CarInsuranceErrorMessageTest" name="clickCarInsuranceTest" time="3.748"/>
  <system-out/>
  <testcase classname="testcases.CarInsuranceErrorMessageTest" name="clickProceedButtonTest" time="1.880"/>
  <system-out/>
  <testcase classname="testcases.CarInsuranceErrorMessageTest" name="selectCityTest" time="1.442"/>
  <system-out/>
  <testcase classname="testcases.CarInsuranceErrorMessageTest" name="selectCarBrandTest" time="0.619"/>
  <system-out/>
  <testcase classname="testcases.CarInsuranceErrorMessageTest" name="selectCarModelTest" time="1.309"/>
  <system-out/>
  <testcase classname="testcases.CarInsuranceErrorMessageTest" name="chooseFuelTypeTest" time="0.539"/>
  <system-out/>
  <testcase classname="testcases.CarInsuranceErrorMessageTest" name="selectCarVariantTest" time="0.756"/>
  <system-out/>
  <testcase classname="testcases.CarInsuranceErrorMessageTest" name="selectYearTest" time="0.385"/>
  <system-out/>
  <testcase classname="testcases.CarInsuranceErrorMessageTest" name="fillDetailsTest" time="0.107"/>
  <system-out/>
  <testcase classname="testcases.CarInsuranceErrorMessageTest" name="takeScreenshotTest" time="1.676"/>
  <system-out/>
  <testcase classname="testcases.CarInsuranceErrorMessageTest" name="nullvalue" time="9.968"/>
  <system-out/>
</testsuite> <!-- testcases.CarInsuranceErrorMessageTest -->
