<?xml version="1.0" encoding="UTF-8"?>
<!-- Generated by org.testng.reporters.JUnitReportReporter -->
<testsuite hostname="Shadow" failures="0" tests="2" name="testcases.TravelInsuranceDetailsTest" time="16.409" errors="0" timestamp="2021-07-02T14:44:31 IST" skipped="0">
  <testcase classname="testcases.TravelInsuranceDetailsTest" name="homePageTitle" time="2.122"/>
  <system-out/>
  <testcase classname="testcases.TravelInsuranceDetailsTest" name="checkExcelData" time="14.287"/>
  <system-out/>
</testsuite> <!-- testcases.TravelInsuranceDetailsTest -->
