<?xml version="1.0" encoding="UTF-8"?>
<!-- Generated by org.testng.reporters.JUnitReportReporter -->
<testsuite hostname="Shadow" failures="0" tests="2" name="testcases.TravelInsuranceDetailsTest" time="17.106" errors="0" timestamp="2021-07-02T15:14:49 IST" skipped="0">
  <testcase classname="testcases.TravelInsuranceDetailsTest" name="homePageTitle" time="2.377"/>
  <system-out/>
  <testcase classname="testcases.TravelInsuranceDetailsTest" name="getStudentTravelInsurance" time="14.729"/>
  <system-out/>
</testsuite> <!-- testcases.TravelInsuranceDetailsTest -->
