<?xml version="1.0" encoding="UTF-8"?>
<!-- Generated by org.testng.reporters.JUnitReportReporter -->
<testsuite hostname="Shadow" failures="0" tests="1" name="testcases.HealthInsuranceMenuItemsTest" time="1.572" errors="0" timestamp="2021-07-02T15:14:49 IST" skipped="0">
  <testcase classname="testcases.HealthInsuranceMenuItemsTest" name="listValuesTest" time="1.572"/>
  <system-out/>
</testsuite> <!-- testcases.HealthInsuranceMenuItemsTest -->
