<?xml version="1.0" encoding="UTF-8"?>
<!-- Generated by org.testng.reporters.JUnitReportReporter -->
<testsuite hostname="Shadow" failures="0" tests="11" name="testcases.CarInsuranceErrorMessageTest" time="15.952" errors="0" timestamp="2021-07-02T15:14:49 IST" skipped="0">
  <testcase classname="testcases.CarInsuranceErrorMessageTest" name="clickCarInsuranceTest" time="1.018"/>
  <system-out/>
  <testcase classname="testcases.CarInsuranceErrorMessageTest" name="clickProceedButtonTest" time="2.299"/>
  <system-out/>
  <testcase classname="testcases.CarInsuranceErrorMessageTest" name="selectCityTest" time="1.378"/>
  <system-out/>
  <testcase classname="testcases.CarInsuranceErrorMessageTest" name="selectCarBrandTest" time="0.484"/>
  <system-out/>
  <testcase classname="testcases.CarInsuranceErrorMessageTest" name="selectCarModelTest" time="0.355"/>
  <system-out/>
  <testcase classname="testcases.CarInsuranceErrorMessageTest" name="chooseFuelTypeTest" time="0.464"/>
  <system-out/>
  <testcase classname="testcases.CarInsuranceErrorMessageTest" name="selectCarVariantTest" time="0.257"/>
  <system-out/>
  <testcase classname="testcases.CarInsuranceErrorMessageTest" name="selectYearTest" time="0.272"/>
  <system-out/>
  <testcase classname="testcases.CarInsuranceErrorMessageTest" name="fillDetailsTest" time="0.689"/>
  <system-out/>
  <testcase classname="testcases.CarInsuranceErrorMessageTest" name="takeScreenshotTest" time="1.944"/>
  <system-out/>
  <testcase classname="testcases.CarInsuranceErrorMessageTest" name="nullvalue" time="6.792"/>
  <system-out/>
</testsuite> <!-- testcases.CarInsuranceErrorMessageTest -->
